Connecting to database specified by database.yml
  [1m[36m (0.4ms)[0m  [1mSELECT "schema_migrations"."version" FROM "schema_migrations" [0m
Connecting to database specified by database.yml
Connecting to database specified by database.yml
Connecting to database specified by database.yml


Started GET "/" for 127.0.0.1 at 2013-12-12 15:16:57 -0500

ActionController::RoutingError - uninitialized constant HomeController:
  actionpack (3.2.14) lib/action_dispatch/routing/route_set.rb:57:in `rescue in controller'
  actionpack (3.2.14) lib/action_dispatch/routing/route_set.rb:52:in `controller'
  actionpack (3.2.14) lib/action_dispatch/routing/route_set.rb:32:in `call'
  journey (1.0.4) lib/journey/router.rb:68:in `block in call'
  journey (1.0.4) lib/journey/router.rb:56:in `call'
  actionpack (3.2.14) lib/action_dispatch/routing/route_set.rb:608:in `call'
  meta_request (0.2.8) lib/meta_request/middlewares/app_request_handler.rb:13:in `call'
  rack-contrib (1.1.0) lib/rack/contrib/response_headers.rb:17:in `call'
  meta_request (0.2.8) lib/meta_request/middlewares/headers.rb:16:in `call'
  meta_request (0.2.8) lib/meta_request/middlewares/meta_request_handler.rb:13:in `call'
  warden (1.2.3) lib/warden/manager.rb:35:in `block in call'
  warden (1.2.3) lib/warden/manager.rb:34:in `call'
  actionpack (3.2.14) lib/action_dispatch/middleware/best_standards_support.rb:17:in `call'
  rack (1.4.5) lib/rack/etag.rb:23:in `call'
  rack (1.4.5) lib/rack/conditionalget.rb:25:in `call'
  actionpack (3.2.14) lib/action_dispatch/middleware/head.rb:14:in `call'
  actionpack (3.2.14) lib/action_dispatch/middleware/params_parser.rb:21:in `call'
  actionpack (3.2.14) lib/action_dispatch/middleware/flash.rb:242:in `call'
  rack (1.4.5) lib/rack/session/abstract/id.rb:210:in `context'
  rack (1.4.5) lib/rack/session/abstract/id.rb:205:in `call'
  actionpack (3.2.14) lib/action_dispatch/middleware/cookies.rb:341:in `call'
  activerecord (3.2.14) lib/active_record/query_cache.rb:64:in `call'
  activerecord (3.2.14) lib/active_record/connection_adapters/abstract/connection_pool.rb:479:in `call'
  actionpack (3.2.14) lib/action_dispatch/middleware/callbacks.rb:28:in `block in call'
  activesupport (3.2.14) lib/active_support/callbacks.rb:405:in `_run__4333603446666983284__call__3752377604701290141__callbacks'
  activesupport (3.2.14) lib/active_support/callbacks.rb:405:in `__run_callback'
  activesupport (3.2.14) lib/active_support/callbacks.rb:385:in `_run_call_callbacks'
  activesupport (3.2.14) lib/active_support/callbacks.rb:81:in `run_callbacks'
  actionpack (3.2.14) lib/action_dispatch/middleware/callbacks.rb:27:in `call'
  actionpack (3.2.14) lib/action_dispatch/middleware/reloader.rb:65:in `call'
  actionpack (3.2.14) lib/action_dispatch/middleware/remote_ip.rb:31:in `call'
  better_errors (1.0.1) lib/better_errors/middleware.rb:84:in `protected_app_call'
  better_errors (1.0.1) lib/better_errors/middleware.rb:79:in `better_errors_call'
  better_errors (1.0.1) lib/better_errors/middleware.rb:56:in `call'
  actionpack (3.2.14) lib/action_dispatch/middleware/debug_exceptions.rb:16:in `call'
  actionpack (3.2.14) lib/action_dispatch/middleware/show_exceptions.rb:56:in `call'
  railties (3.2.14) lib/rails/rack/logger.rb:32:in `call_app'
  railties (3.2.14) lib/rails/rack/logger.rb:16:in `block in call'
  activesupport (3.2.14) lib/active_support/tagged_logging.rb:22:in `tagged'
  railties (3.2.14) lib/rails/rack/logger.rb:16:in `call'
  quiet_assets (1.0.2) lib/quiet_assets.rb:18:in `call_with_quiet_assets'
  actionpack (3.2.14) lib/action_dispatch/middleware/request_id.rb:22:in `call'
  rack (1.4.5) lib/rack/methodoverride.rb:21:in `call'
  rack (1.4.5) lib/rack/runtime.rb:17:in `call'
  activesupport (3.2.14) lib/active_support/cache/strategy/local_cache.rb:72:in `call'
  rack (1.4.5) lib/rack/lock.rb:15:in `call'
  actionpack (3.2.14) lib/action_dispatch/middleware/static.rb:63:in `call'
  railties (3.2.14) lib/rails/engine.rb:484:in `call'
  railties (3.2.14) lib/rails/application.rb:231:in `call'
  rack (1.4.5) lib/rack/content_length.rb:14:in `call'
  railties (3.2.14) lib/rails/rack/log_tailer.rb:17:in `call'
  rack (1.4.5) lib/rack/handler/webrick.rb:59:in `service'
  /Users/vanderhoop/.rbenv/versions/1.9.3-p448/lib/ruby/1.9.1/webrick/httpserver.rb:138:in `service'
  /Users/vanderhoop/.rbenv/versions/1.9.3-p448/lib/ruby/1.9.1/webrick/httpserver.rb:94:in `run'
  /Users/vanderhoop/.rbenv/versions/1.9.3-p448/lib/ruby/1.9.1/webrick/server.rb:191:in `block in start_thread'



Started POST "/__better_errors/70314687551460/variables" for 127.0.0.1 at 2013-12-12 15:16:57 -0500
